[2020-12-17 09:47:19Z INFO HostContext] No proxy settings were found based on environmental variables (http_proxy/https_proxy/HTTP_PROXY/HTTPS_PROXY)
[2020-12-17 09:47:19Z INFO HostContext] Well known directory 'Bin': '/Users/femioyinloye/software_portfolio/actions-runner/bin'
[2020-12-17 09:47:19Z INFO HostContext] Well known directory 'Root': '/Users/femioyinloye/software_portfolio/actions-runner'
[2020-12-17 09:47:19Z INFO HostContext] Well known config file 'Credentials': '/Users/femioyinloye/software_portfolio/actions-runner/.credentials'
[2020-12-17 09:47:19Z INFO Listener] Runner is built for OSX (X64) - osx-x64.
[2020-12-17 09:47:19Z INFO Listener] RuntimeInformation: Darwin 20.2.0 Darwin Kernel Version 20.2.0: Wed Dec  2 20:39:59 PST 2020; root:xnu-7195.60.75~1/RELEASE_X86_64.
[2020-12-17 09:47:19Z INFO Listener] Version: 2.274.2
[2020-12-17 09:47:19Z INFO Listener] Commit: 9987a8d024a6075cd2357d07c5aec9785126d5a9
[2020-12-17 09:47:19Z INFO Listener] Culture: en-US
[2020-12-17 09:47:19Z INFO Listener] UI Culture: en-US
[2020-12-17 09:47:19Z INFO HostContext] Well known directory 'Bin': '/Users/femioyinloye/software_portfolio/actions-runner/bin'
[2020-12-17 09:47:19Z INFO HostContext] Well known directory 'Root': '/Users/femioyinloye/software_portfolio/actions-runner'
[2020-12-17 09:47:19Z INFO Listener] Validating directory permissions for: '/Users/femioyinloye/software_portfolio/actions-runner'
[2020-12-17 09:47:19Z INFO CommandLineParser] Parse
[2020-12-17 09:47:19Z INFO CommandLineParser] Parsing 5 args
[2020-12-17 09:47:19Z INFO CommandLineParser] parsing argument
[2020-12-17 09:47:19Z INFO CommandLineParser] HasArgs: False
[2020-12-17 09:47:19Z INFO CommandLineParser] Adding Command: configure
[2020-12-17 09:47:19Z INFO CommandLineParser] parsing argument
[2020-12-17 09:47:19Z INFO CommandLineParser] HasArgs: True
[2020-12-17 09:47:19Z INFO CommandLineParser] arg: url
[2020-12-17 09:47:19Z INFO CommandLineParser] parsing argument
[2020-12-17 09:47:19Z INFO CommandLineParser] HasArgs: True
[2020-12-17 09:47:19Z INFO CommandLineParser] Adding option 'url': 'https://github.com/FemiAdesola/software_portfolio'
[2020-12-17 09:47:19Z INFO CommandLineParser] parsing argument
[2020-12-17 09:47:19Z INFO CommandLineParser] HasArgs: True
[2020-12-17 09:47:19Z INFO CommandLineParser] arg: token
[2020-12-17 09:47:19Z INFO CommandLineParser] parsing argument
[2020-12-17 09:47:19Z INFO CommandLineParser] HasArgs: True
[2020-12-17 09:47:19Z INFO CommandLineParser] Adding option 'token': '***'
[2020-12-17 09:47:19Z INFO Listener] Arguments parsed
[2020-12-17 09:47:19Z INFO Runner] ExecuteCommand
[2020-12-17 09:47:19Z INFO ConfigurationStore] currentAssemblyLocation: /Users/femioyinloye/software_portfolio/actions-runner/bin/Runner.Listener.dll
[2020-12-17 09:47:19Z INFO HostContext] Well known directory 'Bin': '/Users/femioyinloye/software_portfolio/actions-runner/bin'
[2020-12-17 09:47:19Z INFO ConfigurationStore] binPath: /Users/femioyinloye/software_portfolio/actions-runner/bin
[2020-12-17 09:47:19Z INFO HostContext] Well known directory 'Bin': '/Users/femioyinloye/software_portfolio/actions-runner/bin'
[2020-12-17 09:47:19Z INFO HostContext] Well known directory 'Root': '/Users/femioyinloye/software_portfolio/actions-runner'
[2020-12-17 09:47:19Z INFO ConfigurationStore] RootFolder: /Users/femioyinloye/software_portfolio/actions-runner
[2020-12-17 09:47:19Z INFO HostContext] Well known directory 'Bin': '/Users/femioyinloye/software_portfolio/actions-runner/bin'
[2020-12-17 09:47:19Z INFO HostContext] Well known directory 'Root': '/Users/femioyinloye/software_portfolio/actions-runner'
[2020-12-17 09:47:19Z INFO HostContext] Well known config file 'Runner': '/Users/femioyinloye/software_portfolio/actions-runner/.runner'
[2020-12-17 09:47:19Z INFO ConfigurationStore] ConfigFilePath: /Users/femioyinloye/software_portfolio/actions-runner/.runner
[2020-12-17 09:47:19Z INFO HostContext] Well known directory 'Bin': '/Users/femioyinloye/software_portfolio/actions-runner/bin'
[2020-12-17 09:47:19Z INFO HostContext] Well known directory 'Root': '/Users/femioyinloye/software_portfolio/actions-runner'
[2020-12-17 09:47:19Z INFO HostContext] Well known config file 'Credentials': '/Users/femioyinloye/software_portfolio/actions-runner/.credentials'
[2020-12-17 09:47:19Z INFO ConfigurationStore] CredFilePath: /Users/femioyinloye/software_portfolio/actions-runner/.credentials
[2020-12-17 09:47:19Z INFO HostContext] Well known directory 'Bin': '/Users/femioyinloye/software_portfolio/actions-runner/bin'
[2020-12-17 09:47:19Z INFO HostContext] Well known directory 'Root': '/Users/femioyinloye/software_portfolio/actions-runner'
[2020-12-17 09:47:19Z INFO HostContext] Well known config file 'MigratedCredentials': '/Users/femioyinloye/software_portfolio/actions-runner/.credentials_migrated'
[2020-12-17 09:47:19Z INFO ConfigurationStore] MigratedCredFilePath: /Users/femioyinloye/software_portfolio/actions-runner/.credentials_migrated
[2020-12-17 09:47:19Z INFO HostContext] Well known directory 'Bin': '/Users/femioyinloye/software_portfolio/actions-runner/bin'
[2020-12-17 09:47:19Z INFO HostContext] Well known directory 'Root': '/Users/femioyinloye/software_portfolio/actions-runner'
[2020-12-17 09:47:19Z INFO HostContext] Well known config file 'Service': '/Users/femioyinloye/software_portfolio/actions-runner/.service'
[2020-12-17 09:47:19Z INFO ConfigurationStore] ServiceConfigFilePath: /Users/femioyinloye/software_portfolio/actions-runner/.service
[2020-12-17 09:47:19Z INFO CommandSettings] Flag 'help': 'False'
[2020-12-17 09:47:19Z INFO CommandSettings] Flag 'version': 'False'
[2020-12-17 09:47:19Z INFO CommandSettings] Flag 'commit': 'False'
[2020-12-17 09:47:19Z INFO CommandSettings] Command 'configure': 'True'
[2020-12-17 09:47:19Z INFO Terminal] WRITE LINE: 
[2020-12-17 09:47:19Z INFO Terminal] WRITE LINE: --------------------------------------------------------------------------------
[2020-12-17 09:47:19Z INFO Terminal] WRITE LINE: |        ____ _ _   _   _       _          _        _   _                      |
[2020-12-17 09:47:19Z INFO Terminal] WRITE LINE: |       / ___(_) |_| | | |_   _| |__      / \   ___| |_(_) ___  _ __  ___      |
[2020-12-17 09:47:19Z INFO Terminal] WRITE LINE: |      | |  _| | __| |_| | | | | '_ \    / _ \ / __| __| |/ _ \| '_ \/ __|     |
[2020-12-17 09:47:19Z INFO Terminal] WRITE LINE: |      | |_| | | |_|  _  | |_| | |_) |  / ___ \ (__| |_| | (_) | | | \__ \     |
[2020-12-17 09:47:19Z INFO Terminal] WRITE LINE: |       \____|_|\__|_| |_|\__,_|_.__/  /_/   \_\___|\__|_|\___/|_| |_|___/     |
[2020-12-17 09:47:19Z INFO Terminal] WRITE LINE: |                                                                              |
[2020-12-17 09:47:19Z INFO Terminal] WRITE: |                       
[2020-12-17 09:47:19Z INFO Terminal] WRITE: Self-hosted runner registration
[2020-12-17 09:47:19Z INFO Terminal] WRITE LINE:                         |
[2020-12-17 09:47:19Z INFO Terminal] WRITE LINE: |                                                                              |
[2020-12-17 09:47:19Z INFO Terminal] WRITE LINE: --------------------------------------------------------------------------------
[2020-12-17 09:47:19Z INFO ConfigurationManager] ConfigureAsync
[2020-12-17 09:47:19Z INFO ConfigurationStore] IsConfigured()
[2020-12-17 09:47:19Z INFO ConfigurationStore] IsConfigured: False
[2020-12-17 09:47:19Z INFO ConfigurationManager] Is configured: False
[2020-12-17 09:47:19Z INFO CommandSettings] Arg 'url': 'https://github.com/FemiAdesola/software_portfolio'
[2020-12-17 09:47:19Z INFO CommandSettings] Remove url from Arg dictionary.
[2020-12-17 09:47:19Z INFO CommandSettings] Arg 'token': '***'
[2020-12-17 09:47:19Z INFO CommandSettings] Remove token from Arg dictionary.
[2020-12-17 09:47:22Z INFO ConfigurationManager] Http response code: OK from 'POST https://api.github.com/actions/runner-registration'
[2020-12-17 09:47:22Z INFO ConfigurationManager] cred retrieved via GitHub auth
[2020-12-17 09:47:22Z INFO RunnerServer] Establish connection with 100 seconds timeout.
[2020-12-17 09:47:23Z INFO GitHubActionsService] Starting operation Location.GetConnectionData
[2020-12-17 09:47:23Z INFO RunnerServer] Establish connection with 60 seconds timeout.
[2020-12-17 09:47:23Z INFO GitHubActionsService] Starting operation Location.GetConnectionData
[2020-12-17 09:47:23Z INFO RunnerServer] Establish connection with 60 seconds timeout.
[2020-12-17 09:47:23Z INFO GitHubActionsService] Starting operation Location.GetConnectionData
[2020-12-17 09:47:24Z INFO GitHubActionsService] Finished operation Location.GetConnectionData
[2020-12-17 09:47:24Z INFO GitHubActionsService] Finished operation Location.GetConnectionData
[2020-12-17 09:47:24Z INFO GitHubActionsService] Finished operation Location.GetConnectionData
[2020-12-17 09:47:24Z INFO Terminal] WRITE LINE: 
[2020-12-17 09:47:24Z INFO ConfigurationManager] Test Connection complete.
[2020-12-17 09:47:24Z INFO HostContext] Well known directory 'Bin': '/Users/femioyinloye/software_portfolio/actions-runner/bin'
[2020-12-17 09:47:24Z INFO HostContext] Well known directory 'Root': '/Users/femioyinloye/software_portfolio/actions-runner'
[2020-12-17 09:47:24Z INFO HostContext] Well known config file 'RSACredentials': '/Users/femioyinloye/software_portfolio/actions-runner/.credentials_rsaparams'
[2020-12-17 09:47:24Z INFO RSAFileKeyManager] Creating new RSA key using 2048-bit key length
[2020-12-17 09:47:24Z INFO RSAFileKeyManager] Successfully saved RSA key parameters to file /Users/femioyinloye/software_portfolio/actions-runner/.credentials_rsaparams
[2020-12-17 09:47:24Z INFO RSAFileKeyManager] Which: 'chmod'
[2020-12-17 09:47:24Z INFO RSAFileKeyManager] Location: '/bin/chmod'
[2020-12-17 09:47:25Z INFO HostContext] Well known directory 'Bin': '/Users/femioyinloye/software_portfolio/actions-runner/bin'
[2020-12-17 09:47:25Z INFO HostContext] Well known directory 'Root': '/Users/femioyinloye/software_portfolio/actions-runner'
[2020-12-17 09:47:25Z INFO ProcessInvokerWrapper] Starting process:
[2020-12-17 09:47:25Z INFO ProcessInvokerWrapper]   File name: '/bin/chmod'
[2020-12-17 09:47:25Z INFO ProcessInvokerWrapper]   Arguments: '600 /Users/femioyinloye/software_portfolio/actions-runner/.credentials_rsaparams'
[2020-12-17 09:47:25Z INFO ProcessInvokerWrapper]   Working directory: '/Users/femioyinloye/software_portfolio/actions-runner'
[2020-12-17 09:47:25Z INFO ProcessInvokerWrapper]   Require exit code zero: 'False'
[2020-12-17 09:47:25Z INFO ProcessInvokerWrapper]   Encoding web name:  ; code page: ''
[2020-12-17 09:47:25Z INFO ProcessInvokerWrapper]   Force kill process on cancellation: 'False'
[2020-12-17 09:47:25Z INFO ProcessInvokerWrapper]   Redirected STDIN: 'False'
[2020-12-17 09:47:25Z INFO ProcessInvokerWrapper]   Persist current code page: 'False'
[2020-12-17 09:47:25Z INFO ProcessInvokerWrapper]   Keep redirected STDIN open: 'False'
[2020-12-17 09:47:25Z INFO ProcessInvokerWrapper]   High priority process: 'False'
[2020-12-17 09:47:25Z INFO ProcessInvokerWrapper] Process started with process id 20475, waiting for process exit.
[2020-12-17 09:47:25Z INFO ProcessInvokerWrapper] STDOUT/STDERR stream read finished.
[2020-12-17 09:47:25Z INFO ProcessInvokerWrapper] STDOUT/STDERR stream read finished.
[2020-12-17 09:47:25Z INFO ProcessInvokerWrapper] Finished process 20475 with exit code 0, and elapsed time 00:00:00.0261741.
[2020-12-17 09:47:25Z INFO RSAFileKeyManager] Successfully set permissions for RSA key parameters file /Users/femioyinloye/software_portfolio/actions-runner/.credentials_rsaparams
[2020-12-17 09:47:25Z INFO ConfigurationManager] Found a self-hosted runner group with id {1} and name {2} 1, Default
[2020-12-17 09:47:25Z INFO CommandSettings] Arg 'name': ''
[2020-12-17 09:47:25Z INFO CommandSettings] Flag 'unattended': 'False'
[2020-12-17 09:47:25Z INFO PromptManager] ReadValue
[2020-12-17 09:47:25Z INFO Terminal] WRITE: Enter the name of runner: 
[2020-12-17 09:47:25Z INFO Terminal] WRITE: [press Enter for Femis-MacBook-Pro] 
[2020-12-17 09:47:25Z INFO Terminal] READ LINE
[2020-12-17 09:47:58Z INFO Terminal] Read value: 'FemiAdesola'
[2020-12-17 09:47:58Z INFO Terminal] WRITE LINE: 
[2020-12-17 09:47:58Z INFO CommandSettings] Arg 'labels': ''
[2020-12-17 09:47:58Z INFO CommandSettings] Flag 'unattended': 'False'
[2020-12-17 09:47:58Z INFO PromptManager] ReadValue
[2020-12-17 09:47:58Z INFO Terminal] WRITE: This runner will have the following labels: 'self-hosted', 'macOS', 'X64' 
Enter any additional labels (ex. label-1,label-2): 
[2020-12-17 09:47:58Z INFO Terminal] WRITE: [press Enter to skip] 
[2020-12-17 09:47:58Z INFO Terminal] READ LINE
[2020-12-17 09:48:11Z INFO Terminal] Read value: ''
[2020-12-17 09:48:11Z INFO Terminal] WRITE LINE: 
[2020-12-17 09:48:11Z INFO ConfigurationStore] Saving OAuth credential @ /Users/femioyinloye/software_portfolio/actions-runner/.credentials
[2020-12-17 09:48:11Z INFO ConfigurationStore] Credentials Saved.
[2020-12-17 09:48:11Z INFO ConfigurationStore] HasCredentials()
[2020-12-17 09:48:11Z INFO ConfigurationStore] stored True
[2020-12-17 09:48:11Z INFO CredentialManager] GetCredentialProvider
[2020-12-17 09:48:11Z INFO CredentialManager] Creating type OAuth
[2020-12-17 09:48:11Z INFO CredentialManager] Creating credential type: OAuth
[2020-12-17 09:48:11Z INFO RSAFileKeyManager] Loading RSA key parameters from file /Users/femioyinloye/software_portfolio/actions-runner/.credentials_rsaparams
[2020-12-17 09:48:12Z INFO RunnerServer] Establish connection with 100 seconds timeout.
[2020-12-17 09:48:12Z INFO GitHubActionsService] Starting operation Location.GetConnectionData
[2020-12-17 09:48:12Z INFO RunnerServer] Establish connection with 60 seconds timeout.
[2020-12-17 09:48:12Z INFO GitHubActionsService] Starting operation Location.GetConnectionData
[2020-12-17 09:48:12Z INFO RunnerServer] Establish connection with 60 seconds timeout.
[2020-12-17 09:48:12Z INFO GitHubActionsService] Starting operation Location.GetConnectionData
[2020-12-17 09:48:12Z INFO GitHubActionsService] Finished operation Location.GetConnectionData
[2020-12-17 09:48:12Z INFO GitHubActionsService] Finished operation Location.GetConnectionData
[2020-12-17 09:48:13Z INFO GitHubActionsService] Finished operation Location.GetConnectionData
[2020-12-17 09:48:13Z WARN GitHubActionsService] Authentication failed with status code 401.
WWW-Authenticate: Bearer
Strict-Transport-Security: max-age=2592000
X-TFS-ProcessId: 64a78161-5194-420e-a7fc-6eafc288530c
ActivityId: 980dad7c-ac4a-46e0-9d70-30c6c11bfacb
X-TFS-Session: cacc17c5-1c64-4690-9e94-32f978b5ee0d
X-VSS-E2EID: a1565457-1cc0-40d1-a0e5-6e470a6267b1
X-VSS-SenderDeploymentId: 13a19993-c6bc-326c-afb4-32c5519f46f0
X-TFS-ServiceError: The+user+%27System%3aPublicAccess%3baaaaaaaa-aaaa-aaaa-aaaa-aaaaaaaaaaaa%27+is+not+authorized+to+access+this+resource.
X-VSS-S2STargetService: 0000005A-0000-8888-8000-000000000000/visualstudio.com
X-MSEdge-Ref: Ref A: 628F081DAE3C4E13A79CA4671439AF5A Ref B: HEL01EDGE0411 Ref C: 2020-12-17T09:48:13Z
Date: Thu, 17 Dec 2020 09:48:12 GMT

[2020-12-17 09:48:13Z INFO RSAFileKeyManager] Loading RSA key parameters from file /Users/femioyinloye/software_portfolio/actions-runner/.credentials_rsaparams
[2020-12-17 09:48:13Z INFO RSAFileKeyManager] Loading RSA key parameters from file /Users/femioyinloye/software_portfolio/actions-runner/.credentials_rsaparams
[2020-12-17 09:48:14Z INFO GitHubActionsService] AAD Correlation ID for this token request: Unknown
[2020-12-17 09:48:14Z INFO CommandSettings] Arg 'work': ''
[2020-12-17 09:48:14Z INFO CommandSettings] Flag 'unattended': 'False'
[2020-12-17 09:48:14Z INFO PromptManager] ReadValue
[2020-12-17 09:48:14Z INFO Terminal] WRITE: Enter name of work folder: 
[2020-12-17 09:48:14Z INFO Terminal] WRITE: [press Enter for _work] 
[2020-12-17 09:48:14Z INFO Terminal] READ LINE
[2020-12-17 09:48:46Z INFO Terminal] Read value: 'software_portfolio'
[2020-12-17 09:48:46Z INFO ConfigurationStore] Saving runner settings.
[2020-12-17 09:48:46Z INFO ConfigurationStore] Settings Saved.
[2020-12-17 09:48:46Z INFO Terminal] WRITE LINE: 
[2020-12-17 09:48:46Z INFO Terminal] WRITE LINE: 
[2020-12-17 09:48:46Z INFO OsxServiceControlManager] Service name 'actions.runner.FemiAdesola-software_portfolio.FemiAdesola' display name 'GitHub Actions Runner (FemiAdesola-software_portfolio.FemiAdesola)' will be used for service configuration.
[2020-12-17 09:48:46Z INFO HostContext] Well known directory 'Bin': '/Users/femioyinloye/software_portfolio/actions-runner/bin'
[2020-12-17 09:48:46Z INFO HostContext] Well known directory 'Root': '/Users/femioyinloye/software_portfolio/actions-runner'
[2020-12-17 09:48:46Z INFO HostContext] Well known directory 'Bin': '/Users/femioyinloye/software_portfolio/actions-runner/bin'
[2020-12-17 09:48:46Z INFO HostContext] Well known directory 'Bin': '/Users/femioyinloye/software_portfolio/actions-runner/bin'
[2020-12-17 09:48:46Z INFO HostContext] Well known directory 'Root': '/Users/femioyinloye/software_portfolio/actions-runner'
[2020-12-17 09:48:46Z INFO UnixUtil] Which: 'chmod'
[2020-12-17 09:48:46Z INFO UnixUtil] Location: '/bin/chmod'
[2020-12-17 09:48:46Z INFO UnixUtil] Running /bin/chmod 755 "/Users/femioyinloye/software_portfolio/actions-runner/svc.sh"
[2020-12-17 09:48:46Z INFO ProcessInvokerWrapper] Starting process:
[2020-12-17 09:48:46Z INFO ProcessInvokerWrapper]   File name: '/bin/chmod'
[2020-12-17 09:48:46Z INFO ProcessInvokerWrapper]   Arguments: '755 "/Users/femioyinloye/software_portfolio/actions-runner/svc.sh"'
[2020-12-17 09:48:46Z INFO ProcessInvokerWrapper]   Working directory: '/Users/femioyinloye/software_portfolio/actions-runner'
[2020-12-17 09:48:46Z INFO ProcessInvokerWrapper]   Require exit code zero: 'True'
[2020-12-17 09:48:46Z INFO ProcessInvokerWrapper]   Encoding web name:  ; code page: ''
[2020-12-17 09:48:46Z INFO ProcessInvokerWrapper]   Force kill process on cancellation: 'False'
[2020-12-17 09:48:46Z INFO ProcessInvokerWrapper]   Redirected STDIN: 'False'
[2020-12-17 09:48:46Z INFO ProcessInvokerWrapper]   Persist current code page: 'False'
[2020-12-17 09:48:46Z INFO ProcessInvokerWrapper]   Keep redirected STDIN open: 'False'
[2020-12-17 09:48:46Z INFO ProcessInvokerWrapper]   High priority process: 'False'
[2020-12-17 09:48:46Z INFO ProcessInvokerWrapper] Process started with process id 20526, waiting for process exit.
[2020-12-17 09:48:46Z INFO ProcessInvokerWrapper] STDOUT/STDERR stream read finished.
[2020-12-17 09:48:46Z INFO ProcessInvokerWrapper] STDOUT/STDERR stream read finished.
[2020-12-17 09:48:46Z INFO ProcessInvokerWrapper] Finished process 20526 with exit code 0, and elapsed time 00:00:00.0083233.
[2020-12-17 09:48:46Z INFO Listener] Runner execution has finished with return code 0
